*** Starting uWSGI 2.0.26 (64bit) on [Mon Aug  5 21:02:40 2024] ***
compiled with version: Apple LLVM 15.0.0 (clang-1500.3.9.4) on 04 August 2024 20:11:15
os: Darwin-23.5.0 Darwin Kernel Version 23.5.0: Wed May  1 20:19:05 PDT 2024; root:xnu-10063.121.3~5/RELEASE_ARM64_T8112
nodename: MacBook-Air-Artem.local
machine: arm64
clock source: unix
pcre jit disabled
detected number of CPU cores: 8
current working directory: /Users/nnhufg/Desktop/ArtemSheptalin
detected binary path: /Users/nnhufg/Desktop/ArtemSheptalin/venv/bin/uwsgi
your processes number limit is 1333
your memory page size is 16384 bytes
detected max file descriptor number: 10240
lock engine: OSX spinlocks
thunder lock: disabled (you can enable it with --thunder-lock)
uwsgi socket 0 bound to TCP address :8000  # порт, на котором принимаются запросы пользователей fd 3
Python version: 3.12.4 (main, Jun  6 2024, 18:26:44) [Clang 15.0.0 (clang-1500.3.9.4)]
Python main interpreter initialized at 0x10161d068
python threads support enabled
your server socket listen backlog is limited to 100 connections
your mercy for graceful operations on workers is 60 seconds
setting request body buffering size to 1048576 bytes
mapped 45130200 bytes (44072 KB) for 32 cores
*** Operational MODE: preforking+threaded ***
*** uWSGI is running in multiple interpreter mode ***
spawned uWSGI master process (pid: 1296)
spawned uWSGI worker 1 (pid: 1300, cores: 8)
spawned uWSGI worker 2 (pid: 1301, cores: 8)
spawned uWSGI worker 3 (pid: 1302, cores: 8)
spawned uWSGI worker 4 (pid: 1303, cores: 8)
failed to open python file website/wsgi.py
failed to open python file website/wsgi.py
failed to open python file website/wsgi.py
failed to open python file website/wsgi.py
unable to load app 0 (mountpoint='') (callable not found or import error)
unable to load app 0 (mountpoint='') (callable not found or import error)
unable to load app 0 (mountpoint='') (callable not found or import error)
*** no app loaded. going in full dynamic mode ***
*** no app loaded. going in full dynamic mode ***
unable to load app 0 (mountpoint='') (callable not found or import error)
*** no app loaded. going in full dynamic mode ***
*** no app loaded. going in full dynamic mode ***
--- no python application found, check your startup logs for errors ---
[pid: 1300|app: -1|req: -1/1] 127.0.0.1 () {46 vars in 948 bytes} [Mon Aug  5 21:03:01 2024] GET / => generated 21 bytes in 0 msecs (HTTP/1.0 500) 2 headers in 83 bytes (0 switches on core 1)
--- no python application found, check your startup logs for errors ---
[pid: 1300|app: -1|req: -1/2] 127.0.0.1 () {46 vars in 956 bytes} [Mon Aug  5 21:03:03 2024] GET /inc/ => generated 21 bytes in 0 msecs (HTTP/1.0 500) 2 headers in 83 bytes (0 switches on core 0)
SIGINT/SIGTERM received...killing workers...
worker 4 buried after 1 seconds
worker 3 buried after 1 seconds
worker 2 buried after 1 seconds
worker 1 buried after 1 seconds
goodbye to uWSGI.
